"../../../../NHS-Fireflies/Content/Assets/Materials/Door/Door_BaseColor.uasset" 0
"../../../../NHS-Fireflies/Content/Assets/Materials/Door/Door_Normal.uasset" 1
"../../../../NHS-Fireflies/Content/Assets/Materials/Door/Door_OcclusionRoughnessMetallic.uasset" 2
"../../../../NHS-Fireflies/Content/Assets/Materials/Door/DoorMaterial.uasset" 3
"../../../Engine/Content/Functions/Engine_MaterialFunctions01/Opacity/CameraDepthFade.uasset" 4
"../../../Engine/Content/EngineMaterials/T_Default_Material_Grid_M.uasset" 5
"../../../Engine/Content/EngineMaterials/T_Default_Material_Grid_N.uasset" 6
"../../../Engine/Content/EngineMaterials/WorldGridMaterial.uasset" 7
"../../../../NHS-Fireflies/Content/Assets/Door.uasset" 8
"../../../../NHS-Fireflies/Content/Assets/DoorFrame.uasset" 9
"../../../../NHS-Fireflies/Content/Assets/DoorTop.uasset" 10
"../../../../NHS-Fireflies/Content/Assets/Sounds/Door.uasset" 11
"../../../../NHS-Fireflies/Content/Fireflies/WorldObjects/BP_Door.uasset" 12
"../../../../NHS-Fireflies/Content/BP_Door.uasset" 13
"../../../../NHS-Fireflies/Content/maze_design1_cropped3.uasset" 14
"../../../../NHS-Fireflies/Content/maze_design1_cropped3_Mat.uasset" 15
"../../../../NHS-Fireflies/Content/maze_design2_draft2Cropped.uasset" 16
"../../../../NHS-Fireflies/Content/maze_design2_draft2Cropped_Mat.uasset" 17
"../../../../NHS-Fireflies/Content/Geometry/Meshes/CubeMaterial.uasset" 18
"../../../../NHS-Fireflies/Content/StaticMesh.uasset" 19
"../../../../NHS-Fireflies/Content/Fireflies/Materials/MP_CameraFadeMaster.uasset" 20
"../../../../NHS-Fireflies/Content/Fireflies/Materials/M_CameraFadeMaster.uasset" 21
"../../../../NHS-Fireflies/Content/CameraFadeMaster.uasset" 22
"../../../../NHS-Fireflies/Content/TestMaterial.uasset" 23
"../../../../NHS-Fireflies/Content/AmplifyLUTPack/Base/BleachAlternative.uasset" 24
"../../../../NHS-Fireflies/Content/AmplifyLUTPack/Base/BleachH.uasset" 25
"../../../../NHS-Fireflies/Content/AmplifyLUTPack/Base/BleachL.uasset" 26
"../../../../NHS-Fireflies/Content/AmplifyLUTPack/Base/BleachM.uasset" 27
"../../../../NHS-Fireflies/Content/AmplifyLUTPack/Base/BlueContrast.uasset" 28
"../../../../NHS-Fireflies/Content/AmplifyLUTPack/Base/BlueTint.uasset" 29
"../../../../NHS-Fireflies/Content/AmplifyLUTPack/Base/ColdH.uasset" 30
"../../../../NHS-Fireflies/Content/AmplifyLUTPack/Base/ColdL.uasset" 31
"../../../../NHS-Fireflies/Content/AmplifyLUTPack/Base/ColdM.uasset" 32
"../../../../NHS-Fireflies/Content/AmplifyLUTPack/Base/ContrastA.uasset" 33
"../../../../NHS-Fireflies/Content/AmplifyLUTPack/Base/ContrastB.uasset" 34
"../../../../NHS-Fireflies/Content/AmplifyLUTPack/Base/ContrastC.uasset" 35
"../../../../NHS-Fireflies/Content/AmplifyLUTPack/Base/ContrastD.uasset" 36
"../../../../NHS-Fireflies/Content/AmplifyLUTPack/Base/Desaturate.uasset" 37
"../../../../NHS-Fireflies/Content/AmplifyLUTPack/Base/ExposureH.uasset" 38
"../../../../NHS-Fireflies/Content/AmplifyLUTPack/Base/ExposureL.uasset" 39
"../../../../NHS-Fireflies/Content/AmplifyLUTPack/Base/GreenTint.uasset" 40
"../../../../NHS-Fireflies/Content/AmplifyLUTPack/Base/Invert.uasset" 41
"../../../../NHS-Fireflies/Content/AmplifyLUTPack/Base/LowContrastShadows.uasset" 42
"../../../../NHS-Fireflies/Content/AmplifyLUTPack/Base/Normal.uasset" 43
"../../../../NHS-Fireflies/Content/AmplifyLUTPack/Base/RedTint.uasset" 44
"../../../../NHS-Fireflies/Content/AmplifyLUTPack/Base/SharpWasteland.uasset" 45
"../../../../NHS-Fireflies/Content/AmplifyLUTPack/Base/StrongBlueTint.uasset" 46
"../../../../NHS-Fireflies/Content/AmplifyLUTPack/Base/VibranceA.uasset" 47
"../../../../NHS-Fireflies/Content/AmplifyLUTPack/Base/VibranceB.uasset" 48
"../../../../NHS-Fireflies/Content/AmplifyLUTPack/Base/VibranceC.uasset" 49
"../../../../NHS-Fireflies/Content/AmplifyLUTPack/Base/VibranceD.uasset" 50
"../../../../NHS-Fireflies/Content/AmplifyLUTPack/Base/VibranceE.uasset" 51
"../../../../NHS-Fireflies/Content/AmplifyLUTPack/Base/WarmH.uasset" 52
"../../../../NHS-Fireflies/Content/AmplifyLUTPack/Base/WarmL.uasset" 53
"../../../../NHS-Fireflies/Content/AmplifyLUTPack/Base/WarmM.uasset" 54
"../../../../NHS-Fireflies/Content/AmplifyLUTPack/ColorBlindness/Deuteranopia.uasset" 55
"../../../../NHS-Fireflies/Content/AmplifyLUTPack/ColorBlindness/Doge.uasset" 56
"../../../../NHS-Fireflies/Content/AmplifyLUTPack/ColorBlindness/GrayLRed.uasset" 57
"../../../../NHS-Fireflies/Content/AmplifyLUTPack/ColorBlindness/GrayMGreen.uasset" 58
"../../../../NHS-Fireflies/Content/AmplifyLUTPack/ColorBlindness/GraySBlue.uasset" 59
"../../../../NHS-Fireflies/Content/AmplifyLUTPack/ColorBlindness/Protanopia.uasset" 60
"../../../../NHS-Fireflies/Content/AmplifyLUTPack/ColorBlindness/Tritanopia.uasset" 61
"../../../../NHS-Fireflies/Content/AmplifyLUTPack/FilmColor/ActiveGreen.uasset" 62
"../../../../NHS-Fireflies/Content/AmplifyLUTPack/FilmColor/ActivePurple.uasset" 63
"../../../../NHS-Fireflies/Content/AmplifyLUTPack/FilmColor/BlueHue.uasset" 64
"../../../../NHS-Fireflies/Content/AmplifyLUTPack/FilmColor/Desperado.uasset" 65
"../../../../NHS-Fireflies/Content/AmplifyLUTPack/FilmColor/EndGame.uasset" 66
"../../../../NHS-Fireflies/Content/AmplifyLUTPack/FilmColor/Jurassic.uasset" 67
"../../../../NHS-Fireflies/Content/AmplifyLUTPack/FilmColor/OldFilm.uasset" 68
"../../../../NHS-Fireflies/Content/AmplifyLUTPack/FilmColor/OldFilm2.uasset" 69
"../../../../NHS-Fireflies/Content/AmplifyLUTPack/FilmColor/OldFilm3.uasset" 70
"../../../../NHS-Fireflies/Content/AmplifyLUTPack/FilmColor/OldFilm4.uasset" 71
"../../../../NHS-Fireflies/Content/AmplifyLUTPack/FilmColor/OldFilm5.uasset" 72
"../../../../NHS-Fireflies/Content/AmplifyLUTPack/FilmColor/RaptorHunt.uasset" 73
"../../../../NHS-Fireflies/Content/AmplifyLUTPack/FilmColor/RedDawn.uasset" 74
"../../../../NHS-Fireflies/Content/AmplifyLUTPack/FilmColor/RobotReaction.uasset" 75
"../../../../NHS-Fireflies/Content/AmplifyLUTPack/FilmColor/SettingSun.uasset" 76
"../../../../NHS-Fireflies/Content/AmplifyLUTPack/FilmColor/SoftOlderFootage.uasset" 77
"../../../../NHS-Fireflies/Content/AmplifyLUTPack/FilmColor/SoftOldFootage.uasset" 78
"../../../../NHS-Fireflies/Content/AmplifyLUTPack/FilmColor/SoftOrange.uasset" 79
"../../../../NHS-Fireflies/Content/AmplifyLUTPack/FilmColor/SummerAction.uasset" 80
"../../../../NHS-Fireflies/Content/AmplifyLUTPack/FilmColor/TheEnd.uasset" 81
"../../../../NHS-Fireflies/Content/AmplifyLUTPack/FilmColor/ToxicGreen.uasset" 82
"../../../../NHS-Fireflies/Content/AmplifyLUTPack/FilmMono/B_WHighContrast.uasset" 83
"../../../../NHS-Fireflies/Content/AmplifyLUTPack/FilmMono/B_WHighContrastDigital.uasset" 84
"../../../../NHS-Fireflies/Content/AmplifyLUTPack/FilmMono/B_WHighContrastOld.uasset" 85
"../../../../NHS-Fireflies/Content/AmplifyLUTPack/FilmMono/B_WLowContrastOld.uasset" 86
"../../../../NHS-Fireflies/Content/AmplifyLUTPack/FilmMono/B_WSimple.uasset" 87
"../../../../NHS-Fireflies/Content/AmplifyLUTPack/FilmMono/Sepia1.uasset" 88
"../../../../NHS-Fireflies/Content/AmplifyLUTPack/FilmMono/Sepia2.uasset" 89
"../../../../NHS-Fireflies/Content/AmplifyLUTPack/FilmMono/Sepia3.uasset" 90
"../../../../NHS-Fireflies/Content/AmplifyLUTPack/PopularLooks/80sPost-ApocalypticAction.uasset" 91
"../../../../NHS-Fireflies/Content/AmplifyLUTPack/PopularLooks/80sPost-ApocalypticDrama.uasset" 92
"../../../../NHS-Fireflies/Content/AmplifyLUTPack/PopularLooks/BlindHero.uasset" 93
"../../../../NHS-Fireflies/Content/AmplifyLUTPack/PopularLooks/Blockbuster10.uasset" 94
"../../../../NHS-Fireflies/Content/AmplifyLUTPack/PopularLooks/Blockbuster12.uasset" 95
"../../../../NHS-Fireflies/Content/AmplifyLUTPack/PopularLooks/Blockbuster13.uasset" 96
"../../../../NHS-Fireflies/Content/AmplifyLUTPack/PopularLooks/Blockbuster15.uasset" 97
"../../../../NHS-Fireflies/Content/AmplifyLUTPack/PopularLooks/Blockbuster16.uasset" 98
"../../../../NHS-Fireflies/Content/AmplifyLUTPack/PopularLooks/Blockbuster2.uasset" 99
"../../../../NHS-Fireflies/Content/AmplifyLUTPack/PopularLooks/Blockbuster3.uasset" 100
"../../../../NHS-Fireflies/Content/AmplifyLUTPack/PopularLooks/Blockbuster6.uasset" 101
"../../../../NHS-Fireflies/Content/AmplifyLUTPack/PopularLooks/Blockbuster7.uasset" 102
"../../../../NHS-Fireflies/Content/AmplifyLUTPack/PopularLooks/Blockbuster8.uasset" 103
"../../../../NHS-Fireflies/Content/AmplifyLUTPack/PopularLooks/Chocolatier.uasset" 104
"../../../../NHS-Fireflies/Content/AmplifyLUTPack/PopularLooks/FinalFight.uasset" 105
"../../../../NHS-Fireflies/Content/AmplifyLUTPack/PopularLooks/FlowerPower.uasset" 106
"../../../../NHS-Fireflies/Content/AmplifyLUTPack/PopularLooks/Kuato.uasset" 107
"../../../../NHS-Fireflies/Content/AmplifyLUTPack/PopularLooks/Max1.uasset" 108
"../../../../NHS-Fireflies/Content/AmplifyLUTPack/PopularLooks/ModernDystopianAction.uasset" 109
"../../../../NHS-Fireflies/Content/AmplifyLUTPack/PopularLooks/Quaid.uasset" 110
"../../../../NHS-Fireflies/Content/AmplifyLUTPack/PopularLooks/RobotSalvation.uasset" 111
"../../../../NHS-Fireflies/Content/AmplifyLUTPack/PopularLooks/Rohan.uasset" 112
"../../../../NHS-Fireflies/Content/AmplifyLUTPack/PopularLooks/SimpleFilm.uasset" 113
"../../../../NHS-Fireflies/Content/AmplifyLUTPack/PopularLooks/Tina.uasset" 114
"../../../../NHS-Fireflies/Content/AmplifyLUTPack/PopularLooks/Tower.uasset" 115
"../../../../NHS-Fireflies/Content/AmplifyLUTPack/PopularLooks/WorldWar1.uasset" 116
"../../../../NHS-Fireflies/Content/AmplifyLUTPack/StockFilmBase/F2AA3.uasset" 117
"../../../../NHS-Fireflies/Content/AmplifyLUTPack/StockFilmBase/F2AA5.uasset" 118
"../../../../NHS-Fireflies/Content/AmplifyLUTPack/StockFilmBase/F2BB3.uasset" 119
"../../../../NHS-Fireflies/Content/AmplifyLUTPack/StockFilmBase/F2BB5.uasset" 120
"../../../../NHS-Fireflies/Content/AmplifyLUTPack/StockFilmBase/F35A.uasset" 121
"../../../../NHS-Fireflies/Content/AmplifyLUTPack/StockFilmBase/F35B.uasset" 122
"../../../../NHS-Fireflies/Content/AmplifyLUTPack/StockFilmBase/F3AA0.uasset" 123
"../../../../NHS-Fireflies/Content/AmplifyLUTPack/StockFilmBase/K1A.uasset" 124
"../../../../NHS-Fireflies/Content/AmplifyLUTPack/StockFilmBase/K1B.uasset" 125
"../../../../NHS-Fireflies/Content/AmplifyLUTPack/StockFilmBase/K23A.uasset" 126
"../../../../NHS-Fireflies/Content/AmplifyLUTPack/StockFilmBase/K23B.uasset" 127
"../../../../NHS-Fireflies/Content/AmplifyLUTPack/StockFilmBase/K5AA5.uasset" 128
"../../../../NHS-Fireflies/Content/AmplifyLUTPack/StockFilmBase/K5AA8.uasset" 129
"../../../../NHS-Fireflies/Content/AmplifyLUTPack/StockFilmBase/K5BB8.uasset" 130
"../../../../NHS-Fireflies/Content/AmplifyLUTPack/StockFilmStandard/Stock1.uasset" 131
"../../../../NHS-Fireflies/Content/AmplifyLUTPack/StockFilmStandard/Stock10.uasset" 132
"../../../../NHS-Fireflies/Content/AmplifyLUTPack/StockFilmStandard/Stock11.uasset" 133
"../../../../NHS-Fireflies/Content/AmplifyLUTPack/StockFilmStandard/Stock12.uasset" 134
"../../../../NHS-Fireflies/Content/AmplifyLUTPack/StockFilmStandard/Stock13.uasset" 135
"../../../../NHS-Fireflies/Content/AmplifyLUTPack/StockFilmStandard/Stock14.uasset" 136
"../../../../NHS-Fireflies/Content/AmplifyLUTPack/StockFilmStandard/Stock2.uasset" 137
"../../../../NHS-Fireflies/Content/AmplifyLUTPack/StockFilmStandard/Stock3.uasset" 138
"../../../../NHS-Fireflies/Content/AmplifyLUTPack/StockFilmStandard/Stock4.uasset" 139
"../../../../NHS-Fireflies/Content/AmplifyLUTPack/StockFilmStandard/Stock5.uasset" 140
"../../../../NHS-Fireflies/Content/AmplifyLUTPack/StockFilmStandard/Stock6.uasset" 141
"../../../../NHS-Fireflies/Content/AmplifyLUTPack/StockFilmStandard/Stock7.uasset" 142
"../../../../NHS-Fireflies/Content/AmplifyLUTPack/StockFilmStandard/Stock8.uasset" 143
"../../../../NHS-Fireflies/Content/AmplifyLUTPack/StockFilmStandard/Stock9.uasset" 144
"../../../../NHS-Fireflies/Content/AmplifyLUTPack/StockFilmVintage/Vintage1.uasset" 145
"../../../../NHS-Fireflies/Content/AmplifyLUTPack/StockFilmVintage/Vintage10.uasset" 146
"../../../../NHS-Fireflies/Content/AmplifyLUTPack/StockFilmVintage/Vintage11.uasset" 147
"../../../../NHS-Fireflies/Content/AmplifyLUTPack/StockFilmVintage/Vintage12.uasset" 148
"../../../../NHS-Fireflies/Content/AmplifyLUTPack/StockFilmVintage/Vintage2.uasset" 149
"../../../../NHS-Fireflies/Content/AmplifyLUTPack/StockFilmVintage/Vintage3.uasset" 150
"../../../../NHS-Fireflies/Content/AmplifyLUTPack/StockFilmVintage/Vintage4.uasset" 151
"../../../../NHS-Fireflies/Content/AmplifyLUTPack/StockFilmVintage/Vintage5.uasset" 152
"../../../../NHS-Fireflies/Content/AmplifyLUTPack/StockFilmVintage/Vintage6.uasset" 153
"../../../../NHS-Fireflies/Content/AmplifyLUTPack/StockFilmVintage/Vintage7.uasset" 154
"../../../../NHS-Fireflies/Content/AmplifyLUTPack/StockFilmVintage/Vintage8.uasset" 155
"../../../../NHS-Fireflies/Content/AmplifyLUTPack/StockFilmVintage/Vintage9.uasset" 156
"../../../../NHS-Fireflies/Content/AmplifyLUTPack/StylizedMisc/90sBleach.uasset" 157
"../../../../NHS-Fireflies/Content/AmplifyLUTPack/StylizedMisc/90sBleachStrongContrast.uasset" 158
"../../../../NHS-Fireflies/Content/AmplifyLUTPack/StylizedMisc/90sGreen.uasset" 159
"../../../../NHS-Fireflies/Content/AmplifyLUTPack/StylizedMisc/Aliens1.uasset" 160
"../../../../NHS-Fireflies/Content/AmplifyLUTPack/StylizedMisc/Aliens2.uasset" 161
"../../../../NHS-Fireflies/Content/AmplifyLUTPack/StylizedMisc/Aliens3.uasset" 162
"../../../../NHS-Fireflies/Content/AmplifyLUTPack/StylizedMisc/Aliens4.uasset" 163
"../../../../NHS-Fireflies/Content/AmplifyLUTPack/StylizedMisc/ColdIsolation.uasset" 164
"../../../../NHS-Fireflies/Content/AmplifyLUTPack/StylizedMisc/ColorShift.uasset" 165
"../../../../NHS-Fireflies/Content/AmplifyLUTPack/StylizedMisc/CorruptedGreen.uasset" 166
"../../../../NHS-Fireflies/Content/AmplifyLUTPack/StylizedMisc/CorruptedNight.uasset" 167
"../../../../NHS-Fireflies/Content/AmplifyLUTPack/StylizedMisc/CorruptedPurple.uasset" 168
"../../../../NHS-Fireflies/Content/AmplifyLUTPack/StylizedMisc/DarkEdge.uasset" 169
"../../../../NHS-Fireflies/Content/AmplifyLUTPack/StylizedMisc/DarkRedHaze.uasset" 170
"../../../../NHS-Fireflies/Content/AmplifyLUTPack/StylizedMisc/DayNight.uasset" 171
"../../../../NHS-Fireflies/Content/AmplifyLUTPack/StylizedMisc/Desert1.uasset" 172
"../../../../NHS-Fireflies/Content/AmplifyLUTPack/StylizedMisc/Desert2.uasset" 173
"../../../../NHS-Fireflies/Content/AmplifyLUTPack/StylizedMisc/Desert3.uasset" 174
"../../../../NHS-Fireflies/Content/AmplifyLUTPack/StylizedMisc/Desert4.uasset" 175
"../../../../NHS-Fireflies/Content/AmplifyLUTPack/StylizedMisc/Dopefish.uasset" 176
"../../../../NHS-Fireflies/Content/AmplifyLUTPack/StylizedMisc/GreenIsolation.uasset" 177
"../../../../NHS-Fireflies/Content/AmplifyLUTPack/StylizedMisc/GreenIsolation2.uasset" 178
"../../../../NHS-Fireflies/Content/AmplifyLUTPack/StylizedMisc/LowGreen.uasset" 179
"../../../../NHS-Fireflies/Content/AmplifyLUTPack/StylizedMisc/Nightfall.uasset" 180
"../../../../NHS-Fireflies/Content/AmplifyLUTPack/StylizedMisc/PurpleRain.uasset" 181
"../../../../NHS-Fireflies/Content/AmplifyLUTPack/StylizedMisc/SettingSun.uasset" 182
"../../../../NHS-Fireflies/Content/AmplifyLUTPack/StylizedMisc/SrongMoonLight.uasset" 183
"../../../../NHS-Fireflies/Content/AmplifyLUTPack/StylizedMisc/StrongGreen.uasset" 184
"../../../../NHS-Fireflies/Content/AmplifyLUTPack/StylizedMisc/WarmIsolation.uasset" 185
"../../../../NHS-Fireflies/Content/AmplifyLUTPack/StylizedMisc/Winter.uasset" 186
"../../../../NHS-Fireflies/Content/AmplifyLUTPack/StylizedRetro/Atri.uasset" 187
"../../../../NHS-Fireflies/Content/AmplifyLUTPack/StylizedRetro/B_WComicBook.uasset" 188
"../../../../NHS-Fireflies/Content/AmplifyLUTPack/StylizedRetro/B_WComicBookExtreme.uasset" 189
"../../../../NHS-Fireflies/Content/AmplifyLUTPack/StylizedRetro/DiffusionNoise.uasset" 190
"../../../../NHS-Fireflies/Content/AmplifyLUTPack/StylizedRetro/Friend.uasset" 191
"../../../../NHS-Fireflies/Content/AmplifyLUTPack/StylizedRetro/FriendDiffusion.uasset" 192
"../../../../NHS-Fireflies/Content/AmplifyLUTPack/StylizedRetro/Gamebob1.uasset" 193
"../../../../NHS-Fireflies/Content/AmplifyLUTPack/StylizedRetro/Gamebob2.uasset" 194
"../../../../NHS-Fireflies/Content/AmplifyLUTPack/StylizedRetro/GamebobACDiffusion.uasset" 195
"../../../../NHS-Fireflies/Content/AmplifyLUTPack/StylizedRetro/GamebobColor.uasset" 196
"../../../../NHS-Fireflies/Content/AmplifyLUTPack/StylizedRetro/GamebobColorDiffusion.uasset" 197
"../../../../NHS-Fireflies/Content/AmplifyLUTPack/StylizedRetro/Nest.uasset" 198
"../../../../NHS-Fireflies/Content/AmplifyLUTPack/StylizedRetro/NestDiffusion.uasset" 199
"../../../../NHS-Fireflies/Content/AmplifyLUTPack/StylizedRetro/P4.uasset" 200
"../../../../NHS-Fireflies/Content/AmplifyLUTPack/StylizedRetro/P4Diffusion.uasset" 201
"../../../../NHS-Fireflies/Content/AmplifyLUTPack/StylizedRetro/Posterize1.uasset" 202
"../../../../NHS-Fireflies/Content/AmplifyLUTPack/StylizedRetro/Posterize2.uasset" 203
"../../../../NHS-Fireflies/Content/AmplifyLUTPack/StylizedRetro/Posterize3.uasset" 204
"../../../../NHS-Fireflies/Content/AmplifyLUTPack/StylizedRetro/Sanic1.uasset" 205
"../../../../NHS-Fireflies/Content/AmplifyLUTPack/StylizedRetro/Sanic1Diffusion.uasset" 206
"../../../../NHS-Fireflies/Content/AmplifyLUTPack/StylizedRetro/Sanic2.uasset" 207
"../../../../NHS-Fireflies/Content/AmplifyLUTPack/StylizedRetro/Sanic2Diffusion.uasset" 208
"../../../../NHS-Fireflies/Content/AmplifyLUTPack/StylizedRetro/Shareware.uasset" 209
"../../../../NHS-Fireflies/Content/AmplifyLUTPack/StylizedRetro/SpectrumLove1.uasset" 210
"../../../../NHS-Fireflies/Content/AmplifyLUTPack/StylizedRetro/SpectrumLove2.uasset" 211
"../../../../NHS-Fireflies/Content/AmplifyLUTPack/StylizedRetro/TinyPalette.uasset" 212
"../../../../NHS-Fireflies/Content/AmplifyLUTPack/StylizedRetro/ZX.uasset" 213
"../../../../NHS-Fireflies/Content/AmplifyLUTPack/StylizedRetro/ZXDiffusion.uasset" 214
"../../../../NHS-Fireflies/Content/Assets/Materials/Characters/boy_BHair_BaseColor.uasset" 215
"../../../../NHS-Fireflies/Content/Assets/Materials/Characters/boy_BHair_Normal.uasset" 216
"../../../../NHS-Fireflies/Content/Assets/Materials/Characters/boy_BHair_OcclusionRoughnessMetallic.uasset" 217
"../../../../NHS-Fireflies/Content/Assets/Materials/Characters/BHair.uasset" 218
"../../../../NHS-Fireflies/Content/Assets/Materials/Characters/boy_BHoodie_BaseColor.uasset" 219
"../../../../NHS-Fireflies/Content/Assets/Materials/Characters/boy_BHoodie_Normal.uasset" 220
"../../../../NHS-Fireflies/Content/Assets/Materials/Characters/boy_BHoodie_OcclusionRoughnessMetallic.uasset" 221
"../../../../NHS-Fireflies/Content/Assets/Materials/Characters/BHoodie.uasset" 222
"../../../../NHS-Fireflies/Content/Assets/Materials/Characters/boy_BJeans_BaseColor.uasset" 223
"../../../../NHS-Fireflies/Content/Assets/Materials/Characters/boy_BJeans_Normal.uasset" 224
"../../../../NHS-Fireflies/Content/Assets/Materials/Characters/boy_BJeans_OcclusionRoughnessMetallic.uasset" 225
"../../../../NHS-Fireflies/Content/Assets/Materials/Characters/BJeans.uasset" 226
"../../../../NHS-Fireflies/Content/Assets/Materials/Characters/boy_BShoes_BaseColor.uasset" 227
"../../../../NHS-Fireflies/Content/Assets/Materials/Characters/boy_BShoes_Normal.uasset" 228
"../../../../NHS-Fireflies/Content/Assets/Materials/Characters/boy_BShoes_OcclusionRoughnessMetallic.uasset" 229
"../../../../NHS-Fireflies/Content/Assets/Materials/Characters/BShoes.uasset" 230
"../../../../NHS-Fireflies/Content/Assets/Materials/Characters/boy_BSkin_BaseColor.uasset" 231
"../../../../NHS-Fireflies/Content/Assets/Materials/Characters/boy_BSkin_Normal.uasset" 232
"../../../../NHS-Fireflies/Content/Assets/Materials/Characters/boy_BSkin_OcclusionRoughnessMetallic.uasset" 233
"../../../../NHS-Fireflies/Content/Assets/Materials/Characters/BSkin.uasset" 234
"../../../../NHS-Fireflies/Content/Assets/Materials/Characters/boy_BTshirt_BaseColor.uasset" 235
"../../../../NHS-Fireflies/Content/Assets/Materials/Characters/boy_BTshirt_Normal.uasset" 236
"../../../../NHS-Fireflies/Content/Assets/Materials/Characters/boy_BTshirt_OcclusionRoughnessMetallic.uasset" 237
"../../../../NHS-Fireflies/Content/Assets/Materials/Characters/BTshirt.uasset" 238
"../../../../NHS-Fireflies/Content/Assets/Boy.uasset" 239
"../../../../NHS-Fireflies/Content/Assets/Materials/Characters/girl_GHair_BaseColor.uasset" 240
"../../../../NHS-Fireflies/Content/Assets/Materials/Characters/girl_GHair_Normal.uasset" 241
"../../../../NHS-Fireflies/Content/Assets/Materials/Characters/girl_GHair_OcclusionRoughnessMetallic.uasset" 242
"../../../../NHS-Fireflies/Content/Assets/Materials/Characters/GHair.uasset" 243
"../../../../NHS-Fireflies/Content/Assets/Materials/Characters/girl_GRubberbands_BaseColor.uasset" 244
"../../../../NHS-Fireflies/Content/Assets/Materials/Characters/girl_GRubberbands_Normal.uasset" 245
"../../../../NHS-Fireflies/Content/Assets/Materials/Characters/girl_GRubberbands_OcclusionRoughnessMetallic.uasset" 246
"../../../../NHS-Fireflies/Content/Assets/Materials/Characters/GHairtie.uasset" 247
"../../../../NHS-Fireflies/Content/Assets/Materials/Characters/girl_GHoodie_BaseColor.uasset" 248
"../../../../NHS-Fireflies/Content/Assets/Materials/Characters/girl_GHoodie_Normal.uasset" 249
"../../../../NHS-Fireflies/Content/Assets/Materials/Characters/girl_GHoodie_OcclusionRoughnessMetallic.uasset" 250
"../../../../NHS-Fireflies/Content/Assets/Materials/Characters/GHoodie.uasset" 251
"../../../../NHS-Fireflies/Content/Assets/Materials/Characters/girl_GJeans_BaseColor.uasset" 252
"../../../../NHS-Fireflies/Content/Assets/Materials/Characters/girl_GJeans_Normal.uasset" 253
"../../../../NHS-Fireflies/Content/Assets/Materials/Characters/girl_GJeans_OcclusionRoughnessMetallic.uasset" 254
"../../../../NHS-Fireflies/Content/Assets/Materials/Characters/GJeans.uasset" 255
"../../../../NHS-Fireflies/Content/Assets/Materials/Characters/girl_GShoes_BaseColor.uasset" 256
"../../../../NHS-Fireflies/Content/Assets/Materials/Characters/girl_GShoes_Normal.uasset" 257
"../../../../NHS-Fireflies/Content/Assets/Materials/Characters/girl_GShoes_OcclusionRoughnessMetallic.uasset" 258
"../../../../NHS-Fireflies/Content/Assets/Materials/Characters/GShoes.uasset" 259
"../../../../NHS-Fireflies/Content/Assets/Materials/Characters/girl_GSkin_BaseColor.uasset" 260
"../../../../NHS-Fireflies/Content/Assets/Materials/Characters/girl_GSkin_Normal.uasset" 261
"../../../../NHS-Fireflies/Content/Assets/Materials/Characters/girl_GSkin_OcclusionRoughnessMetallic.uasset" 262
"../../../../NHS-Fireflies/Content/Assets/Materials/Characters/GSkin.uasset" 263
"../../../../NHS-Fireflies/Content/Assets/Materials/Characters/girl_GTshirt_BaseColor.uasset" 264
"../../../../NHS-Fireflies/Content/Assets/Materials/Characters/girl_GTshirt_Normal.uasset" 265
"../../../../NHS-Fireflies/Content/Assets/Materials/Characters/girl_GTshirt_OcclusionRoughnessMetallic.uasset" 266
"../../../../NHS-Fireflies/Content/Assets/Materials/Characters/GTshirt.uasset" 267
"../../../../NHS-Fireflies/Content/Assets/Girl.uasset" 268
"../../../../NHS-Fireflies/Content/Assets/NetAttempt1.uasset" 269
"../../../../NHS-Fireflies/Content/Assets/Materials/Trees/Material_2_Color.uasset" 270
"../../../../NHS-Fireflies/Content/Assets/Materials/Trees/Material_2_Normal.uasset" 271
"../../../../NHS-Fireflies/Content/Assets/Materials/Trees/Material_2_Mat.uasset" 272
"../../../../NHS-Fireflies/Content/Assets/Materials/Trees/New_SpeedTree_Color.uasset" 273
"../../../../NHS-Fireflies/Content/Assets/Materials/Trees/New_SpeedTree_Normal.uasset" 274
"../../../../NHS-Fireflies/Content/Assets/Materials/Trees/New_SpeedTree_Mat.uasset" 275
"../../../../NHS-Fireflies/Content/Assets/FallenTree.uasset" 276
"../../../../NHS-Fireflies/Content/Assets/FireflyFlamebugBP/Trail/FallenTree.uasset" 277
"../../../../NHS-Fireflies/Content/Assets/FireflyFlamebugBP/Trail/New_SpeedTree_Mat.uasset" 278
"../../../../NHS-Fireflies/Content/Assets/FrogAnimation/FrogBigger_Skeleton.uasset" 279
"../../../../NHS-Fireflies/Content/Assets/FrogAnimation/FrogBlendSpace.uasset" 280
"../../../../NHS-Fireflies/Content/Assets/Materials/Bridge/WebMaterial.uasset" 281
"../../../../NHS-Fireflies/Content/Assets/dd_Skeleton.uasset" 282
"../../../../NHS-Fireflies/Content/Assets/Materials/Fog/dd_Anim.uasset" 283
"../../../../NHS-Fireflies/Content/Assets/Materials/LanternBig/Lantern_01_-_Default_Slot__2_BaseColor.uasset" 284
"../../../../NHS-Fireflies/Content/Assets/Materials/LanternBig/Lantern_01_-_Default_Slot__2_Normal.uasset" 285
"../../../../NHS-Fireflies/Content/Assets/Materials/LanternBig/Lantern_01_-_Default_Slot__2_OcclusionRoughnessMetallic.uasset" 286
"../../../../NHS-Fireflies/Content/Assets/Materials/LanternBig/LanternHead.uasset" 287
"../../../Engine/Content/Functions/Engine_MaterialFunctions02/Fresnel_Function.uasset" 288
"../../../../NHS-Fireflies/Content/Assets/Materials/MasonJar/MasonJar.uasset" 289
"../../../../NHS-Fireflies/Content/Assets/Materials/MasonJarLid/Mason_Jar_Lid_-_NHS_DefaultMaterial_BaseColor.uasset" 290
"../../../../NHS-Fireflies/Content/Assets/Materials/MasonJarLid/Mason_Jar_Lid_-_NHS_DefaultMaterial_Normal.uasset" 291
"../../../../NHS-Fireflies/Content/Assets/Materials/MasonJarLid/Mason_Jar_Lid_-_NHS_DefaultMaterial_OcclusionRoughnessMetallic.uasset" 292
"../../../../NHS-Fireflies/Content/Assets/Materials/MasonJarLid/MasonJarLid.uasset" 293
"../../../../NHS-Fireflies/Content/Assets/Materials/MasonJarLidTextureFiles/MasonJarLid.uasset" 294
"../../../../NHS-Fireflies/Content/Assets/Materials/Path/Path1/DefaultMaterial_Base_Color.uasset" 295
"../../../../NHS-Fireflies/Content/Assets/Materials/Path/Path1/DefaultMaterial_Height.uasset" 296
"../../../../NHS-Fireflies/Content/Assets/Materials/Path/Path1/DefaultMaterial_Metallic.uasset" 297
"../../../../NHS-Fireflies/Content/Assets/Materials/Path/Path1/DefaultMaterial_Normal_OpenGL.uasset" 298
"../../../../NHS-Fireflies/Content/Assets/Materials/Path/Path1/DefaultMaterial_Roughness.uasset" 299
"../../../../NHS-Fireflies/Content/Assets/Materials/Path/Path1/PathMaterial1.uasset" 300
"../../../../NHS-Fireflies/Content/Assets/Materials/Path/PathMaterial.uasset" 301
"../../../../NHS-Fireflies/Content/Assets/Materials/Path/Path2/DefaultMaterial_Normal.uasset" 302
"../../../../NHS-Fireflies/Content/Assets/Materials/Trees/Material_2_SS.uasset" 303
"../../../../NHS-Fireflies/Content/Assets/Materials/Trees/Material_3_Color_Tex.uasset" 304
"../../../../NHS-Fireflies/Content/Assets/Materials/Trees/Material_3_Normal_Tex.uasset" 305
"../../../../NHS-Fireflies/Content/Assets/Materials/Trees/Material_3_SS_Tex.uasset" 306
"../../../../NHS-Fireflies/Content/Assets/Materials/Trees/Material_3_Branch_Mat.uasset" 307
"../../../../NHS-Fireflies/Content/Assets/Materials/Trees/Material_3_Color.uasset" 308
"../../../../NHS-Fireflies/Content/Assets/Materials/Trees/Material_3_Normal.uasset" 309
"../../../../NHS-Fireflies/Content/Assets/Materials/Trees/Material_3_SS.uasset" 310
"../../../../NHS-Fireflies/Content/Assets/Materials/Trees/New_SpeedTree_SS.uasset" 311
"../../../../NHS-Fireflies/Content/Assets/Materials/Trees/Tree1_Color_Tex.uasset" 312
"../../../../NHS-Fireflies/Content/Assets/Materials/Trees/Tree1_Normal_Tex.uasset" 313
"../../../../NHS-Fireflies/Content/Assets/Materials/Trees/Tree1_SS_Tex.uasset" 314
"../../../../NHS-Fireflies/Content/Assets/Materials/Trees/Tree1_Leaf_Mat.uasset" 315
"../../../../NHS-Fireflies/Content/Assets/Materials/Trees/Tree2_Color.uasset" 316
"../../../../NHS-Fireflies/Content/Assets/Materials/Trees/Tree2_Color_Tex.uasset" 317
"../../../../NHS-Fireflies/Content/Assets/Materials/Trees/Tree2_Normal_Tex.uasset" 318
"../../../../NHS-Fireflies/Content/Assets/Materials/Trees/Tree2_SS_Tex.uasset" 319
"../../../../NHS-Fireflies/Content/Assets/Materials/Trees/Tree2_Leaf_Mat.uasset" 320
"../../../../NHS-Fireflies/Content/Assets/Materials/Trees/Tree2_Normal.uasset" 321
"../../../../NHS-Fireflies/Content/Assets/Materials/Trees/Tree2_SS.uasset" 322
"../../../../NHS-Fireflies/Content/Assets/Materials/Trees/Tree3_Color_Tex.uasset" 323
"../../../../NHS-Fireflies/Content/Assets/Materials/Trees/Tree3_Normal_Tex.uasset" 324
"../../../../NHS-Fireflies/Content/Assets/Materials/Trees/Tree3_SS_Tex.uasset" 325
"../../../../NHS-Fireflies/Content/Assets/Materials/Trees/Tree3_Leaf_Mat.uasset" 326
"../../../../NHS-Fireflies/Content/Assets/Materials/Trees/Tree4_Color_Tex.uasset" 327
"../../../../NHS-Fireflies/Content/Assets/Materials/Trees/Tree4_Normal_Tex.uasset" 328
"../../../../NHS-Fireflies/Content/Assets/Materials/Trees/Tree4_SS_Tex.uasset" 329
"../../../../NHS-Fireflies/Content/Assets/Materials/Trees/Tree4_Branch_Mat.uasset" 330
"../../../../NHS-Fireflies/Content/Assets/Materials/Trees/Tree4_Color.uasset" 331
"../../../../NHS-Fireflies/Content/Assets/Materials/Trees/Tree4_Leaf_Mat.uasset" 332
"../../../../NHS-Fireflies/Content/Assets/Materials/Trees/Tree4_Normal.uasset" 333
"../../../../NHS-Fireflies/Content/Assets/Materials/Trees/Tree4_SS.uasset" 334
"../../../../NHS-Fireflies/Content/Assets/Materials/Trees/Tree5_Color_Tex.uasset" 335
"../../../../NHS-Fireflies/Content/Assets/Materials/Trees/Tree5_Normal_Tex.uasset" 336
"../../../../NHS-Fireflies/Content/Assets/Materials/Trees/Tree5_SS_Tex.uasset" 337
"../../../../NHS-Fireflies/Content/Assets/Materials/Trees/Tree5_Leaf_Mat.uasset" 338
"../../../../NHS-Fireflies/Content/Assets/Materials/Trees/Trunk_Color.uasset" 339
"../../../../NHS-Fireflies/Content/Assets/Materials/Trees/Trunk_Normal.uasset" 340
"../../../../NHS-Fireflies/Content/Assets/Materials/Trees/Trunk_SS.uasset" 341
"../../../../NHS-Fireflies/Content/Assets/Sounds/Footsteps_Leaves_3.uasset" 342
"../../../../NHS-Fireflies/Content/Assets/Sounds/FootstepLeaves1.uasset" 343
"../../../../NHS-Fireflies/Content/Assets/Sounds/FootstepL1.uasset" 344
"../../../../NHS-Fireflies/Content/Assets/Sounds/FootstepL2.uasset" 345
"../../../../NHS-Fireflies/Content/Assets/Sounds/Footsteps_Leaves_4.uasset" 346
"../../../../NHS-Fireflies/Content/Assets/Sounds/FootstepLeaves2.uasset" 347
"../../../../NHS-Fireflies/Content/Assets/Sounds/FootstepR1.uasset" 348
"../../../../NHS-Fireflies/Content/Assets/Sounds/FootstepR2.uasset" 349
"../../../../NHS-Fireflies/Content/Assets/Sounds/PM_Leaves.uasset" 350
"../../../../NHS-Fireflies/Content/Assets/Sounds/SoundtrackIntro.uasset" 351
"../../../../NHS-Fireflies/Content/Assets/Sounds/SoundtrackLoFi.uasset" 352
"../../../../NHS-Fireflies/Content/Assets/Sounds/SoundtrackLoFi_Cue.uasset" 353
"../../../../NHS-Fireflies/Content/Assets/Sounds/SoundtrackLoop.uasset" 354
"../../../../NHS-Fireflies/Content/Assets/Sounds/SoundtrackTest1.uasset" 355
"../../../../NHS-Fireflies/Content/Mannequin/Character/Textures/UE4_LOGO_CARD.uasset" 356
"../../../../NHS-Fireflies/Content/Mannequin/Character/Textures/UE4Man_Logo_N.uasset" 357
"../../../../NHS-Fireflies/Content/Fireflies/Materials/M_TreeFade.uasset" 358
"../../../../NHS-Fireflies/Content/Fireflies/Materials/Trees/M_Tree_04_Leaves.uasset" 359
"../../../../NHS-Fireflies/Content/Fireflies/Systems/AC_EmissiveFromDistance.uasset" 360
"../../../../NHS-Fireflies/Content/Assets/Materials/Base.uasset" 361
"../../../../NHS-Fireflies/Content/Fireflies/Materials/WingsTransparent.uasset" 362
"../../../../NHS-Fireflies/Content/Assets/Materials/Yellow.uasset" 363
"../../../../NHS-Fireflies/Content/Fireflies/WorldObjects/Firefly.uasset" 364
"../../../../NHS-Fireflies/Content/Fireflies/Particles/Fireflies.uasset" 365
"../../../../NHS-Fireflies/Content/Fireflies/Systems/Fireflies.uasset" 366
"../../../../NHS-Fireflies/Content/Assets/BoyAnimations/Boy_Skeleton.uasset" 367
"../../../../NHS-Fireflies/Content/Assets/BoyAnimations/BoyBuild.uasset" 368
"../../../../NHS-Fireflies/Content/Assets/BoyAnimations/BoyIdle.uasset" 369
"../../../../NHS-Fireflies/Content/Assets/Sounds/Whoosh1.uasset" 370
"../../../../NHS-Fireflies/Content/Assets/BoyAnimations/BoyNetSwing.uasset" 371
"../../../../NHS-Fireflies/Content/Assets/BoyAnimations/BoyTakingDamage.uasset" 372
"../../../../NHS-Fireflies/Content/Assets/BoyAnimations/BoyRun.uasset" 373
"../../../../NHS-Fireflies/Content/Assets/BoyAnimations/BoyBlendSpace.uasset" 374
"../../../Engine/Content/EditorBlueprintResources/StandardMacros.uasset" 375
"../../../../NHS-Fireflies/Content/Assets/Sounds/Footsteps.uasset" 376
"../../../../NHS-Fireflies/Content/Assets/Sounds/FootstepWood1.uasset" 377
"../../../../NHS-Fireflies/Content/Assets/Sounds/FootstepWood2.uasset" 378
"../../../../NHS-Fireflies/Content/Assets/BoyAnimations/BoyBP_Animation.uasset" 379
"../../../../NHS-Fireflies/Content/Assets/GirlAnimations/Girl_Skeleton.uasset" 380
"../../../../NHS-Fireflies/Content/Assets/GirlAnimations/GirlBuild.uasset" 381
"../../../../NHS-Fireflies/Content/Assets/GirlAnimations/GirlIdle.uasset" 382
"../../../../NHS-Fireflies/Content/Assets/GirlAnimations/GirlNetSwing.uasset" 383
"../../../../NHS-Fireflies/Content/Assets/GirlAnimations/GirlTakingDamage.uasset" 384
"../../../../NHS-Fireflies/Content/Assets/GirlAnimations/GirlRun.uasset" 385
"../../../../NHS-Fireflies/Content/Assets/GirlAnimations/GirlBlendSpace.uasset" 386
"../../../../NHS-Fireflies/Content/Assets/GirlAnimations/GirlBP_Animation.uasset" 387
"../../../Engine/Content/Functions/Engine_MaterialFunctions01/Density/ExponentialDensity.uasset" 388
"../../../Engine/Content/Functions/Engine_MaterialFunctions01/Gradient/RadialGradientExponential.uasset" 389
"../../../../NHS-Fireflies/Content/TopDownBP/Blueprints/M_Cursor_Decal.uasset" 390
"../../../../NHS-Fireflies/Content/Assets/BoyAnimations/Boy_PhysicsAsset.uasset" 391
"../../../../NHS-Fireflies/Content/Assets/BoyAnimations/Boy.uasset" 392
"../../../../NHS-Fireflies/Content/Assets/GirlAnimations/Girl_PhysicsAsset.uasset" 393
"../../../../NHS-Fireflies/Content/Assets/GirlAnimations/Girl.uasset" 394
"../../../../NHS-Fireflies/Content/Fireflies/Systems/EN_InventoryEffect.uasset" 395
"../../../../NHS-Fireflies/Content/Fireflies/Systems/BP_Interactable.uasset" 396
"../../../../NHS-Fireflies/Content/Assets/FireflyFlamebugBP/Trail/TrailT.uasset" 397
"../../../../NHS-Fireflies/Content/Assets/FireflyFlamebugBP/Trail/TrailMaterial.uasset" 398
"../../../../NHS-Fireflies/Content/Assets/FireflyFlamebugBP/Trail/Trail.uasset" 399
"../../../../NHS-Fireflies/Content/Assets/Sounds/Firefly.uasset" 400
"../../../../NHS-Fireflies/Content/Assets/Sounds/JarClose.uasset" 401
"../../../../NHS-Fireflies/Content/Fireflies/WorldObjects/BP_Fireflies.uasset" 402
"../../../../NHS-Fireflies/Content/Assets/FireflyFlamebugBP/Trail/TrailRed.uasset" 403
"../../../../NHS-Fireflies/Content/Assets/Sounds/FlameBug.uasset" 404
"../../../../NHS-Fireflies/Content/Assets/Materials/Red.uasset" 405
"../../../../NHS-Fireflies/Content/Fireflies/WorldObjects/FlameBug.uasset" 406
"../../../../NHS-Fireflies/Content/Fireflies/WorldObjects/BP_Flamebug.uasset" 407
"../../../../NHS-Fireflies/Content/Assets/Materials/01_-_Default.uasset" 408
"../../../../NHS-Fireflies/Content/Assets/Cobwebs.uasset" 409
"../../../../NHS-Fireflies/Content/Assets/Sounds/Cobweb_2.uasset" 410
"../../../../NHS-Fireflies/Content/Fireflies/WorldObjects/BP_Interactable_Cobweb.uasset" 411
"../../../../NHS-Fireflies/Content/Assets/firefly_orange_Icon.uasset" 412
"../../../../NHS-Fireflies/Content/Assets/firefly_yellow_icon.uasset" 413
"../../../../NHS-Fireflies/Content/Assets/Jar_Icon.uasset" 414
"../../../../NHS-Fireflies/Content/Assets/spider-web.uasset" 415
"../../../../NHS-Fireflies/Content/Fireflies/Systems/HUD.uasset" 416
"../../../../NHS-Fireflies/Content/Fireflies/Systems/PauseScreen.uasset" 417
"../../../../NHS-Fireflies/Content/TopDownBP/Blueprints/TopDownCharacter.uasset" 418
"../../../../NHS-Fireflies/Content/TopDownBP/Blueprints/TopDownController.uasset" 419
"../../../../NHS-Fireflies/Content/Fireflies/Systems/GM_Fireflies.uasset" 420
"../../../../NHS-Fireflies/Content/Fireflies/Systems/StartScreen.uasset" 421
"../../../../NHS-Fireflies/Content/Geometry/Meshes/1M_Cube_Chamfer.uasset" 422
"../../../../NHS-Fireflies/Content/Geometry/Meshes/CobblestoneWallCurve/CurveCobblestoneWall_Albedo.uasset" 423
"../../../../NHS-Fireflies/Content/Geometry/Meshes/CobblestoneWallCurve/CurveCobblestoneWall_AO.uasset" 424
"../../../../NHS-Fireflies/Content/Geometry/Meshes/CobblestoneWallCurve/CurveCobblestoneWall_Normal.uasset" 425
"../../../../NHS-Fireflies/Content/Geometry/Meshes/CobblestoneWallCurve/CurveCobblestoneWall_Specular.uasset" 426
"../../../../NHS-Fireflies/Content/Geometry/Meshes/CurveWall.uasset" 427
"../../../../NHS-Fireflies/Content/Geometry/Meshes/TemplateFloor.uasset" 428
"../../../../NHS-Fireflies/Content/Geometry/Meshes/CobblestoneWallCurve/CurveWall.uasset" 429
"../../../../NHS-Fireflies/Content/Geometry/Meshes/WallPiece_Curve_.uasset" 430
"../../../../NHS-Fireflies/Content/Geometry/Meshes/CobblestoneWallStraight/CobblestoneWall_Albedo.uasset" 431
"../../../../NHS-Fireflies/Content/Geometry/Meshes/CobblestoneWallStraight/CobblestoneWall_AO.uasset" 432
"../../../../NHS-Fireflies/Content/Geometry/Meshes/CobblestoneWallStraight/CobblestoneWall_Normal.uasset" 433
"../../../../NHS-Fireflies/Content/Geometry/Meshes/CobblestoneWallStraight/CobblestoneWall_Specular.uasset" 434
"../../../../NHS-Fireflies/Content/Geometry/Meshes/StraightWall.uasset" 435
"../../../../NHS-Fireflies/Content/Geometry/Meshes/WallPiece_Straight_.uasset" 436
"../../../../NHS-Fireflies/Content/Geometry/Meshes/CobblestoneWallCurve/CurveCobblestoneWall_Diffuse.uasset" 437
"../../../../NHS-Fireflies/Content/Geometry/Meshes/CobblestoneWallStraight/StraightCobblestoneWall.uasset" 438
"../../../../NHS-Fireflies/Content/Geometry/Meshes/CobblestoneWallStraight/CobblestoneWall.uasset" 439
"../../../../NHS-Fireflies/Content/Geometry/Meshes/CobblestoneWallStraight/CobblestoneWall_Diffuse.uasset" 440
"../../../../NHS-Fireflies/Content/Grass/GrassPath.uasset" 441
"../../../../NHS-Fireflies/Content/Mannequin/Character/Mesh/UE4_Mannequin_Skeleton.uasset" 442
"../../../../NHS-Fireflies/Content/Mannequin/Animations/ThirdPersonJump_End.uasset" 443
"../../../../NHS-Fireflies/Content/Mannequin/Animations/ThirdPerson_Jump.uasset" 444
"../../../../NHS-Fireflies/Content/Mannequin/Animations/ThirdPersonJump_Loop.uasset" 445
"../../../../NHS-Fireflies/Content/Mannequin/Animations/ThirdPersonJump_Start.uasset" 446
"../../../../NHS-Fireflies/Content/Mannequin/Animations/ThirdPersonIdle.uasset" 447
"../../../../NHS-Fireflies/Content/Mannequin/Animations/ThirdPersonRun.uasset" 448
"../../../../NHS-Fireflies/Content/Mannequin/Animations/ThirdPersonWalk.uasset" 449
"../../../../NHS-Fireflies/Content/Mannequin/Animations/ThirdPerson_IdleRun_2D.uasset" 450
"../../../../NHS-Fireflies/Content/Mannequin/Animations/ThirdPerson_AnimBP.uasset" 451
"../../../Engine/Content/Functions/Engine_MaterialFunctions02/Utility/BlendAngleCorrectedNormals.uasset" 452
"../../../Engine/Content/Functions/MaterialLayerFunctions/MatLayerBlend_NormalBlend.uasset" 453
"../../../Engine/Content/Functions/MaterialLayerFunctions/MatLayerBlend_Simple.uasset" 454
"../../../../NHS-Fireflies/Content/Mannequin/Character/Materials/MaterialLayers/T_ML_Rubber_Blue_01_D.uasset" 455
"../../../../NHS-Fireflies/Content/Mannequin/Character/Materials/MaterialLayers/T_ML_Rubber_Blue_01_N.uasset" 456
"../../../../NHS-Fireflies/Content/Mannequin/Character/Materials/MaterialLayers/ML_GlossyBlack_Latex_UE4.uasset" 457
"../../../../NHS-Fireflies/Content/Mannequin/Character/Materials/MaterialLayers/ML_Plastic_Shiny_Beige.uasset" 458
"../../../../NHS-Fireflies/Content/Mannequin/Character/Materials/MaterialLayers/ML_Plastic_Shiny_Beige_LOGO.uasset" 459
"../../../../NHS-Fireflies/Content/Mannequin/Character/Materials/MaterialLayers/T_ML_Aluminum01.uasset" 460
"../../../../NHS-Fireflies/Content/Mannequin/Character/Materials/MaterialLayers/T_ML_Aluminum01_N.uasset" 461
"../../../../NHS-Fireflies/Content/Mannequin/Character/Materials/MaterialLayers/ML_SoftMetal_UE4.uasset" 462
"../../../../NHS-Fireflies/Content/Mannequin/Character/Textures/UE4_Mannequin__normals.uasset" 463
"../../../../NHS-Fireflies/Content/Mannequin/Character/Textures/UE4_Mannequin_MAT_MASKA.uasset" 464
"../../../../NHS-Fireflies/Content/Mannequin/Character/Materials/M_UE4Man_Body.uasset" 465
"../../../../NHS-Fireflies/Content/Mannequin/Character/Materials/M_UE4Man_ChestLogo.uasset" 466
"../../../../NHS-Fireflies/Content/Mannequin/Character/Mesh/SK_Mannequin_PhysicsAsset.uasset" 467
"../../../../NHS-Fireflies/Content/Mannequin/Character/Mesh/SK_Mannequin.uasset" 468
"../../../../NHS-Fireflies/Content/TopDownBP/TopDownOverview.uasset" 469
"../../../Engine/Content/Animation/DefaultAnimCurveCompressionSettings.uasset" 470
"../../../Engine/Content/ArtTools/RenderToTexture/Meshes/S_1_Unit_Plane.uasset" 471
"../../../Engine/Content/EngineMaterials/DefaultMaterial.uasset" 472
"../../../Engine/Content/BasicShapes/Cone.uasset" 473
"../../../Engine/Content/BasicShapes/Cube.uasset" 474
"../../../Engine/Content/BasicShapes/Cylinder.uasset" 475
"../../../Engine/Content/EditorLandscapeResources/DataLayer.uasset" 476
"../../../Engine/Content/EditorMaterials/GizmoMaterial.uasset" 477
"../../../Engine/Content/EditorMaterials/MAT_Groups_Toggle.uasset" 478
"../../../Engine/Content/EditorMaterials/MAT_Groups_Visibility.uasset" 479
"../../../Engine/Content/EditorMaterials/PreviewShadowIndicator.uasset" 480
"../../../Engine/Content/EditorMaterials/PreviewShadowIndicatorMaterial.uasset" 481
"../../../Engine/Content/EditorMaterials/MatineeGroups/MAT_ColorTrack.uasset" 482
"../../../Engine/Content/EditorMaterials/MatineeGroups/MAT_Groups_Anim.uasset" 483
"../../../Engine/Content/EditorMaterials/MatineeGroups/MAT_Groups_AudioMaster.uasset" 484
"../../../Engine/Content/EditorMaterials/MatineeGroups/MAT_Groups_Director.uasset" 485
"../../../Engine/Content/EditorMaterials/MatineeGroups/MAT_Groups_Event.uasset" 486
"../../../Engine/Content/EditorMaterials/MatineeGroups/MAT_Groups_Fade.uasset" 487
"../../../Engine/Content/EditorMaterials/MatineeGroups/MAT_Groups_Float.uasset" 488
"../../../Engine/Content/EditorMaterials/MatineeGroups/MAT_Groups_Move.uasset" 489
"../../../Engine/Content/EditorMaterials/MatineeGroups/MAT_Groups_Slomo.uasset" 490
"../../../Engine/Content/EditorMaterials/MatineeGroups/MAT_Groups_Sound.uasset" 491
"../../../Engine/Content/EditorMaterials/MatineeGroups/MAT_Groups_Vector.uasset" 492
"../../../Engine/Content/EditorMaterials/ParticleSystems/PSysThumbnail_NoImage.uasset" 493
"../../../Engine/Content/EditorMaterials/ParticleSystems/PSysThumbnail_OOD.uasset" 494
"../../../Engine/Content/EditorMaterials/Camera/CineMat.uasset" 495
"../../../Engine/Content/EditorMaterials/Camera/MI_CineMat_Rig.uasset" 496
"../../../Engine/Content/EditorMeshes/Camera/SM_CraneRig_Arm.uasset" 497
"../../../Engine/Content/EditorMeshes/Camera/SM_CraneRig_Base.uasset" 498
"../../../Engine/Content/EditorMeshes/Camera/SM_CraneRig_Body.uasset" 499
"../../../Engine/Content/EditorMeshes/Camera/SM_CraneRig_Mount.uasset" 500
"../../../Engine/Content/EditorMeshes/Camera/SM_RailRig_Mount.uasset" 501
"../../../Engine/Content/EditorMeshes/Camera/SM_RailRig_Track.uasset" 502
"../../../Engine/Content/EditorResources/BSPVertex.uasset" 503
"../../../Engine/Content/EditorResources/EmptyActor.uasset" 504
"../../../Engine/Content/EditorResources/S_Actor.uasset" 505
"../../../Engine/Content/EditorResources/S_Note.uasset" 506
"../../../Engine/Content/EditorResources/S_Trigger.uasset" 507
"../../../Engine/Content/EditorResources/LightIcons/S_LightError.uasset" 508
"../../../Engine/Content/EditorResources/SequenceRecorder/Countdown.uasset" 509
"../../../Engine/Content/EditorResources/SequenceRecorder/RecordingIndicator.uasset" 510
"../../../Engine/Content/EditorSounds/Notifications/CompileFailed.uasset" 511
"../../../Engine/Content/EditorSounds/Notifications/CompileFailed_Cue.uasset" 512
"../../../Engine/Content/EditorSounds/Notifications/CompileSuccess.uasset" 513
"../../../Engine/Content/EditorSounds/Notifications/CompileStart_Cue.uasset" 514
"../../../Engine/Content/EditorSounds/Notifications/CompileSuccess_Cue.uasset" 515
"../../../Engine/Content/EngineDamageTypes/DmgTypeBP_Environmental.uasset" 516
"../../../Engine/Content/EngineDebugMaterials/HeatmapGradient.uasset" 517
"../../../Engine/Content/EngineDebugMaterials/BoneWeightMaterial.uasset" 518
"../../../Engine/Content/EngineDebugMaterials/ClothMaterial.uasset" 519
"../../../Engine/Content/EngineDebugMaterials/ClothMaterial_WF.uasset" 520
"../../../Engine/Content/EngineDebugMaterials/DebugEditorMaterial.uasset" 521
"../../../Engine/Content/EngineDebugMaterials/DebugMeshMaterial.uasset" 522
"../../../Engine/Content/EngineDebugMaterials/GeomMaterial.uasset" 523
"../../../Engine/Content/EngineDebugMaterials/M_SimpleTranslucent.uasset" 524
"../../../Engine/Content/EngineFonts/Faces/RobotoBold.uasset" 525
"../../../Engine/Content/EngineFonts/Faces/RobotoBoldItalic.uasset" 526
"../../../Engine/Content/EngineFonts/Faces/RobotoItalic.uasset" 527
"../../../Engine/Content/EngineFonts/Faces/RobotoLight.uasset" 528
"../../../Engine/Content/EngineFonts/Faces/RobotoRegular.uasset" 529
"../../../Engine/Content/EngineFonts/Roboto.uasset" 530
"../../../Engine/Content/EngineFonts/Faces/RobotoTiny.uasset" 531
"../../../Engine/Content/EngineFonts/RobotoTiny.uasset" 532
"../../../Engine/Content/EngineMaterials/BaseFlattenDiffuseMap.uasset" 533
"../../../Engine/Content/EngineMaterials/BaseFlattenEmissiveMap.uasset" 534
"../../../Engine/Content/EngineMaterials/BaseFlattenGrayscaleMap.uasset" 535
"../../../Engine/Content/EngineMaterials/BaseFlattenNormalMap.uasset" 536
"../../../Engine/Content/EngineMaterials/BaseFlattenMaterial.uasset" 537
"../../../Engine/Content/EngineMaterials/DefaultBloomKernel.uasset" 538
"../../../Engine/Content/EngineMaterials/DefaultBokeh.uasset" 539
"../../../Engine/Content/EngineMaterials/DefaultDiffuse.uasset" 540
"../../../Engine/Content/EngineMaterials/DefaultDeferredDecalMaterial.uasset" 541
"../../../Engine/Content/EngineMaterials/DefaultLightFunctionMaterial.uasset" 542
"../../../Engine/Content/Functions/Engine_MaterialFunctions02/Utility/BreakOutFloat2Components.uasset" 543
"../../../Engine/Content/EngineMaterials/DefaultPostProcessMaterial.uasset" 544
"../../../Engine/Content/EngineFonts/RobotoDistanceField.uasset" 545
"../../../Engine/Content/EngineMaterials/DefaultTextMaterialOpaque.uasset" 546
"../../../Engine/Content/EngineMaterials/DefaultWhiteGrid.uasset" 547
"../../../Engine/Content/EngineMaterials/EditorBrushMaterial.uasset" 548
"../../../Engine/Content/EngineMaterials/Good64x64TilingNoiseHighFreq.uasset" 549
"../../../Engine/Content/EngineMaterials/MiniFont.uasset" 550
"../../../Engine/Content/EngineMaterials/InvalidLightmapSettings.uasset" 551
"../../../Engine/Content/EngineMaterials/M_InvalidLightmapSettings.uasset" 552
"../../../Engine/Content/Functions/Engine_MaterialFunctions02/WorldPositionOffset/CameraOffset.uasset" 553
"../../../Engine/Content/EngineMaterials/PhAT_JointLimitMaterial.uasset" 554
"../../../Engine/Content/EngineMaterials/PreintegratedSkinBRDF.uasset" 555
"../../../Engine/Content/EngineMaterials/RemoveSurfaceMaterial.uasset" 556
"../../../Engine/Content/EngineMaterials/WeightMapPlaceholderTexture.uasset" 557
"../../../Engine/Content/EngineResources/WhiteSquareTexture.uasset" 558
"../../../Engine/Content/EngineMaterials/Widget3DPassThrough.uasset" 559
"../../../Engine/Content/EngineMaterials/Widget3DPassThrough_Masked.uasset" 560
"../../../Engine/Content/EngineMaterials/Widget3DPassThrough_Opaque.uasset" 561
"../../../Engine/Content/EngineMaterials/Widget3DPassThrough_Masked_OneSided.uasset" 562
"../../../Engine/Content/EngineMaterials/Widget3DPassThrough_Opaque_OneSided.uasset" 563
"../../../Engine/Content/EngineMaterials/Widget3DPassThrough_Translucent.uasset" 564
"../../../Engine/Content/EngineMaterials/Widget3DPassThrough_Translucent_OneSided.uasset" 565
"../../../Engine/Content/EngineMeshes/Cylinder.uasset" 566
"../../../Engine/Content/EngineMeshes/Sphere.uasset" 567
"../../../Engine/Content/EngineResources/Black.uasset" 568
"../../../Engine/Content/EngineResources/DefaultTexture.uasset" 569
"../../../Engine/Content/EngineResources/DefaultTextureCube.uasset" 570
"../../../Engine/Content/EngineResources/DefaultVolumeTexture2D.uasset" 571
"../../../Engine/Content/EngineResources/DefaultVolumeTexture.uasset" 572
"../../../Engine/Content/EngineResources/GradientTexture0.uasset" 573
"../../../Engine/Content/EngineSounds/Master.uasset" 574
"../../../Engine/Content/Functions/Engine_MaterialFunctions01/Shading/ConvertFromDiffSpec.uasset" 575
"../../../Engine/Content/Functions/Engine_MaterialFunctions01/Shading/PowerToRoughness.uasset" 576
"../../../Engine/Content/Maps/Templates/Thumbnails/Default.uasset" 577
"../../../Engine/Content/Maps/Templates/Thumbnails/VR-Basic.uasset" 578
"../../../Engine/Content/MobileResources/T_MobileControls_texture.uasset" 579
"../../../Engine/Content/MobileResources/T_MobileMenu2.uasset" 580
"../../../Engine/Content/MobileResources/HUD/AnalogHat.uasset" 581
"../../../Engine/Content/MobileResources/HUD/VirtualJoystick_Background.uasset" 582
"../../../Engine/Content/MobileResources/HUD/VirtualJoystick_Thumb.uasset" 583
"../../../Engine/Content/MobileResources/HUD/DefaultVirtualJoysticks.uasset" 584
"../../../Engine/Content/MobileResources/HUD/LeftVirtualJoystickOnly.uasset" 585
"../../../Engine/Content/MobileResources/HUD/MobileHUDButton1_off.uasset" 586
"../../../Engine/Content/MobileResources/HUD/MobileHUDButton1_on.uasset" 587
"../../../Engine/Content/MobileResources/HUD/MobileHUDButton2_off.uasset" 588
"../../../Engine/Content/MobileResources/HUD/MobileHUDButton2_on.uasset" 589
"../../../Engine/Content/MobileResources/HUD/MobileHUDButton3.uasset" 590
"../../../Engine/Content/MobileResources/HUD/MobileHUDButtonFire.uasset" 591
"../../../Engine/Content/MobileResources/HUD/MobileHUDDirectionPad.uasset" 592
"../../../Engine/Content/MobileResources/HUD/MobileHUDDirectionPad2.uasset" 593
"../../../Engine/Content/MobileResources/HUD/MobileHUDDirectionPad3.uasset" 594
"../../../Engine/Content/MobileResources/HUD/MobileHUDDirectionStick.uasset" 595
"../../../Engine/Content/MobileResources/HUD/T_Castle_ThumbstickInner.uasset" 596
"../../../Engine/Content/MobileResources/HUD/T_Castle_ThumbstickOutter.uasset" 597
"../../../Engine/Content/Tutorial/ContentIntroCurve.uasset" 598
"../../../Engine/Content/Tutorial/Basics/LevelEditorAttract.uasset" 599
"../../../Engine/Content/Tutorial/Basics/TutorialAssets/icon_tab_Levels_40x.uasset" 600
"../../../Engine/Content/Tutorial/Basics/LevelEditorOverview.uasset" 601
"../../../Engine/Content/Tutorial/Mobile/TutorialAssets/android_Icon.uasset" 602
"../../../Engine/Content/Tutorial/Mobile/SettingUpAndroidTutorial.uasset" 603
"../../../Engine/Content/Tutorial/SubEditors/GettingSubstance.uasset" 604
"../../../Engine/Content/VREditor/LaserPointer/VR_LaserPower_01.uasset" 605
"../../../Engine/Content/VREditor/TransformGizmo/TransformGizmoMaterial.uasset" 606
"../../../Engine/Content/VREditor/TransformGizmo/TranslucentTransformGizmoMaterial.uasset" 607
"../../../Engine/Content/VREditor/TransformGizmo/BoundingBoxCorner.uasset" 608
"../../../Engine/Content/VREditor/TransformGizmo/BoundingBoxEdge.uasset" 609
"../../../Engine/Content/VREditor/TransformGizmo/PlaneTranslationHandle.uasset" 610
"../../../Engine/Content/VREditor/TransformGizmo/Main.uasset" 611
"../../../Engine/Content/VREditor/TransformGizmo/Xray.uasset" 612
"../../../Engine/Content/VREditor/TransformGizmo/SM_Sequencer_Key.uasset" 613
"../../../Engine/Content/VREditor/TransformGizmo/SM_Sequencer_Node.uasset" 614
"../../Plugins/2D/Paper2D/Content/PlaceholderTextures/DummySpriteTexture.uasset" 615
"../../Plugins/2D/Paper2D/Content/DummySprite.uasset" 616
"../../Plugins/2D/Paper2D/Content/DefaultPaperTerrainMaterial.uasset" 617
"../../Plugins/2D/Paper2D/Content/DummySpriteTexture.uasset" 618
"../../Plugins/2D/Paper2D/Content/DefaultSpriteMaterial.uasset" 619
"../../Plugins/2D/Paper2D/Content/MaskedUnlitSpriteMaterial.uasset" 620
"../../Plugins/2D/Paper2D/Content/OpaqueUnlitSpriteMaterial.uasset" 621
"../../Plugins/Runtime/Oculus/OculusVR/Content/OculusMR_RenderTarget.uasset" 622
"../../../Engine/Content/Functions/Engine_MaterialFunctions02/Utility/BreakOutFloat4Components.uasset" 623
"../../../Engine/Content/Functions/Engine_MaterialFunctions02/Utility/MakeFloat2.uasset" 624
"../../../Engine/Content/Functions/Engine_MaterialFunctions02/Utility/MakeFloat3.uasset" 625
"../../Plugins/Runtime/Oculus/OculusVR/Content/Materials/OculusMR_ChromaKey.uasset" 626
"../../Plugins/Runtime/Oculus/OculusVR/Content/Materials/OculusMR_ChromaKey_Lit.uasset" 627
"../../Plugins/Runtime/Oculus/OculusVR/Content/Materials/OculusMR_OpaqueColoredMaterial.uasset" 628
"../../Plugins/Runtime/Oculus/OculusVR/Content/Materials/OculusMR_WhiteMaterial.uasset" 629
"../../Plugins/Runtime/Oculus/OculusVR/Content/Materials/PokeAHoleMaterial.uasset" 630
"../../Plugins/Runtime/Oculus/OculusVR/Content/Textures/GearVRController_AO.uasset" 631
"../../Plugins/Runtime/Oculus/OculusVR/Content/Textures/GearVRController_Color.uasset" 632
"../../Plugins/Runtime/Oculus/OculusVR/Content/Textures/GearVRController_Normal.uasset" 633
"../../Plugins/Runtime/Oculus/OculusVR/Content/Materials/GearVRControllerMaterial.uasset" 634
"../../Plugins/Runtime/Oculus/OculusVR/Content/Meshes/GearVrController.uasset" 635
"../../Plugins/Runtime/Oculus/OculusVR/Content/Textures/touchController_albedo.uasset" 636
"../../Plugins/Runtime/Oculus/OculusVR/Content/Textures/touchController_controlmap.uasset" 637
"../../Plugins/Runtime/Oculus/OculusVR/Content/Materials/touchController_mat.uasset" 638
"../../Plugins/Runtime/Oculus/OculusVR/Content/Meshes/LeftTouchController.uasset" 639
"../../Plugins/Runtime/Oculus/OculusVR/Content/Meshes/RiftHMD.uasset" 640
"../../Plugins/Runtime/Oculus/OculusVR/Content/Meshes/RightTouchController.uasset" 641
"../../../../NHS-Fireflies/Content/Level1DraftVersion1.umap" 642
"../../../Engine/Content/EngineSky/C_Sky_Cloud_Color.uasset" 643
"../../../Engine/Content/EngineSky/C_Sky_Horizon_Color.uasset" 644
"../../../Engine/Content/EngineSky/C_Sky_Zenith_Color.uasset" 645
"../../../Engine/Content/EngineSky/T_Sky_Blue.uasset" 646
"../../../Engine/Content/EngineSky/T_Sky_Clouds_M.uasset" 647
"../../../Engine/Content/EngineSky/T_Sky_Stars.uasset" 648
"../../../Engine/Content/EngineSky/M_Sky_Panning_Clouds2.uasset" 649
"../../../Engine/Content/EngineSky/SM_SkySphere.uasset" 650
"../../../Engine/Content/EngineSky/BP_Sky_Sphere.uasset" 651
"../../../../NHS-Fireflies/Content/Assets/Materials/Portal/PortalEffect.uasset" 652
"../../../../NHS-Fireflies/Content/Assets/Materials/Portal/PortalEffectMaterial.uasset" 653
"../../../../NHS-Fireflies/Content/Assets/Materials/Portal/Portal_PortalHighPoly_default_BaseColor.uasset" 654
"../../../../NHS-Fireflies/Content/Assets/Materials/Portal/Portal_PortalHighPoly_default_Emissive.uasset" 655
"../../../../NHS-Fireflies/Content/Assets/Materials/Portal/Portal_PortalHighPoly_default_Normal.uasset" 656
"../../../../NHS-Fireflies/Content/Assets/Materials/Portal/Portal_PortalHighPoly_default_OcclusionRoughnessMetallic.uasset" 657
"../../../../NHS-Fireflies/Content/Assets/Materials/Portal/PortalMaterial.uasset" 658
"../../../Engine/Content/BasicShapes/Plane.uasset" 659
"../../../../NHS-Fireflies/Content/Assets/Portal.uasset" 660
"../../../../NHS-Fireflies/Content/Assets/Sounds/Attenuators/Portal.uasset" 661
"../../../../NHS-Fireflies/Content/Assets/Sounds/PortalLoop.uasset" 662
"../../../../NHS-Fireflies/Content/Fireflies/Systems/LevelFinished.uasset" 663
"../../../../NHS-Fireflies/Content/Assets/PortalBP.uasset" 664
"../../../../NHS-Fireflies/Content/Assets/Materials/MasonJar/Glass.uasset" 665
"../../../../NHS-Fireflies/Content/Assets/Mason_Jar__Glass_.uasset" 666
"../../../../NHS-Fireflies/Content/Assets/Mason_Jar_Lid_-_NHS.uasset" 667
"../../../../NHS-Fireflies/Content/Assets/Materials/Straps/Straps_DefaultMaterial_BaseColor.uasset" 668
"../../../../NHS-Fireflies/Content/Assets/Materials/Straps/Straps_DefaultMaterial_Normal.uasset" 669
"../../../../NHS-Fireflies/Content/Assets/Materials/Straps/Straps_DefaultMaterial_OcclusionRoughnessMetallic.uasset" 670
"../../../../NHS-Fireflies/Content/Assets/Materials/Straps/StrapsMat.uasset" 671
"../../../../NHS-Fireflies/Content/Assets/Straps.uasset" 672
"../../../../NHS-Fireflies/Content/Fireflies/WorldObjects/BackPack.uasset" 673
"../../../../NHS-Fireflies/Content/Assets/Materials/Blue.uasset" 674
"../../../../NHS-Fireflies/Content/Assets/Materials/Green.uasset" 675
"../../../../NHS-Fireflies/Content/Assets/Materials/Orange.uasset" 676
"../../../../NHS-Fireflies/Content/Assets/Materials/Pink.uasset" 677
"../../../../NHS-Fireflies/Content/Assets/Materials/Purple.uasset" 678
"../../../../NHS-Fireflies/Content/Assets/Flower1.uasset" 679
"../../../../NHS-Fireflies/Content/Assets/Flower2.uasset" 680
"../../../../NHS-Fireflies/Content/Assets/Flower3.uasset" 681
"../../../../NHS-Fireflies/Content/Fireflies/WorldObjects/BP_Flowers.uasset" 682
"../../../../NHS-Fireflies/Content/Assets/Materials/Bridge/Bridge_OcclusionRoughnessMetallic.uasset" 683
"../../../../NHS-Fireflies/Content/Assets/Materials/Bridge/BridgeLowPoly_DefaultMaterial_BaseColor.uasset" 684
"../../../../NHS-Fireflies/Content/Assets/Materials/Bridge/BridgeNormal.uasset" 685
"../../../../NHS-Fireflies/Content/Assets/Materials/Bridge/BridgeMaterial.uasset" 686
"../../../../NHS-Fireflies/Content/Assets/Sounds/PM_Wood.uasset" 687
"../../../../NHS-Fireflies/Content/Assets/BrokenBridge.uasset" 688
"../../../../NHS-Fireflies/Content/Assets/Sounds/BuildingBridge.uasset" 689
"../../../../NHS-Fireflies/Content/Assets/WebbedBridge.uasset" 690
"../../../../NHS-Fireflies/Content/Fireflies/Systems/InteractableIcon_Cobweb.uasset" 691
"../../../../NHS-Fireflies/Content/Fireflies/WorldObjects/BP_Interactable_BrokenBridge.uasset" 692
"../../../../NHS-Fireflies/Content/Assets/Sounds/Fire.uasset" 693
"../../../../NHS-Fireflies/Content/Fireflies/Systems/InteractableIcon_FlameBug.uasset" 694
"../../../../NHS-Fireflies/Content/Particles/Materials/T_Fire_SubUV.uasset" 695
"../../../../NHS-Fireflies/Content/Particles/Materials/T_Fire_Tiled_D.uasset" 696
"../../../../NHS-Fireflies/Content/Particles/Materials/M_Fire_SubUV.uasset" 697
"../../../../NHS-Fireflies/Content/Particles/P_Fire.uasset" 698
"../../../../NHS-Fireflies/Content/Fireflies/WorldObjects/BP_Interactable_FallenTree.uasset" 699
"../../../../NHS-Fireflies/Content/Assets/FrogAnimation/FrogDeath.uasset" 700
"../../../../NHS-Fireflies/Content/Assets/Materials/Frog/Frog_DefaultMaterial_BaseColor.uasset" 701
"../../../../NHS-Fireflies/Content/Assets/Materials/Frog/Frog_DefaultMaterial_Normal.uasset" 702
"../../../../NHS-Fireflies/Content/Assets/Materials/Frog/Frog_DefaultMaterial_OcclusionRoughnessMetallic.uasset" 703
"../../../../NHS-Fireflies/Content/Assets/Materials/Frog/FrogMat.uasset" 704
"../../../../NHS-Fireflies/Content/Assets/FrogAnimation/FrogBigger_PhysicsAsset.uasset" 705
"../../../../NHS-Fireflies/Content/Assets/FrogBigger.uasset" 706
"../../../../NHS-Fireflies/Content/Assets/Sounds/FrogDying.uasset" 707
"../../../../NHS-Fireflies/Content/Assets/Sounds/FrogRibbit.uasset" 708
"../../../../NHS-Fireflies/Content/Assets/Sounds/GruntFemale.uasset" 709
"../../../../NHS-Fireflies/Content/Assets/Sounds/GruntMale.uasset" 710
"../../../../NHS-Fireflies/Content/Fireflies/WorldObjects/BP_Interactable_Toad.uasset" 711
"../../../../NHS-Fireflies/Content/Fireflies/Systems/InteractableIcon_FireFly.uasset" 712
"../../../../NHS-Fireflies/Content/Assets/Materials/Trees/Material_Color_Tex.uasset" 713
"../../../../NHS-Fireflies/Content/Assets/Materials/Trees/Material_Normal_Tex.uasset" 714
"../../../../NHS-Fireflies/Content/Assets/Materials/Trees/Material_SS_Tex.uasset" 715
"../../../../NHS-Fireflies/Content/Assets/Materials/Trees/Material_Branch_Mat.uasset" 716
"../../../../NHS-Fireflies/Content/Assets/Materials/Trees/TreeStump_Color_Tex.uasset" 717
"../../../../NHS-Fireflies/Content/Assets/Materials/Trees/TreeStump_Normal_Tex.uasset" 718
"../../../../NHS-Fireflies/Content/Assets/Materials/Trees/TreeStump_SS_Tex.uasset" 719
"../../../../NHS-Fireflies/Content/Assets/Materials/Trees/TreeStump_Branch_Mat.uasset" 720
"../../../../NHS-Fireflies/Content/Assets/TreeStump.uasset" 721
"../../../../NHS-Fireflies/Content/Fireflies/WorldObjects/BP_TreeStump.uasset" 722
"../../../../NHS-Fireflies/Content/Assets/Materials/Lantern/LanternNew_DefaultMaterial_BaseColor.uasset" 723
"../../../../NHS-Fireflies/Content/Assets/Materials/Lantern/LanternNew_DefaultMaterial_Normal.uasset" 724
"../../../../NHS-Fireflies/Content/Assets/Materials/Lantern/LanternNew_DefaultMaterial_OcclusionRoughnessMetallic.uasset" 725
"../../../../NHS-Fireflies/Content/Assets/Materials/Lantern/Lantern.uasset" 726
"../../../../NHS-Fireflies/Content/Assets/lantern_glass.uasset" 727
"../../../../NHS-Fireflies/Content/Assets/LanternNew.uasset" 728
"../../../../NHS-Fireflies/Content/Fireflies/WorldObjects/Lamp.uasset" 729
"../../../../NHS-Fireflies/Content/Fireflies/WorldObjects/LampCharacter.uasset" 730
"../../../../NHS-Fireflies/Content/Assets/Materials/Net/Net_Albedo.uasset" 731
"../../../../NHS-Fireflies/Content/Assets/Materials/Net/Net_Normal.uasset" 732
"../../../../NHS-Fireflies/Content/Assets/Materials/Net/Net_Specular.uasset" 733
"../../../../NHS-Fireflies/Content/Assets/Materials/Net/net.uasset" 734
"../../../../NHS-Fireflies/Content/Assets/Net_mesh.uasset" 735
"../../../../NHS-Fireflies/Content/Fireflies/WorldObjects/Net.uasset" 736
"../../../../NHS-Fireflies/Content/Assets/Materials/DarkBlue.uasset" 737
"../../../../NHS-Fireflies/Content/Assets/Materials/LanternBig/Lantern_01_-_Default_BaseColor.uasset" 738
"../../../../NHS-Fireflies/Content/Assets/Materials/LanternBig/Lantern_01_-_Default_Normal.uasset" 739
"../../../../NHS-Fireflies/Content/Assets/Materials/LanternBig/Lantern_01_-_Default_OcclusionRoughnessMetallic.uasset" 740
"../../../../NHS-Fireflies/Content/Assets/Materials/LanternBig/Leaves.uasset" 741
"../../../../NHS-Fireflies/Content/Assets/Lantern.uasset" 742
"../../../../NHS-Fireflies/Content/Fireflies/WorldObjects/PlantLight.uasset" 743
"../../../../NHS-Fireflies/Content/Grass_LayerInfo.uasset" 744
"../../../../NHS-Fireflies/Content/PathGrass_LayerInfo.uasset" 745
"../../../../NHS-Fireflies/Content/Level1DraftVersion2_2_BuiltData.uasset" 746
"../../../../NHS-Fireflies/Content/Assets/Materials/Walls/Wall_02_-_Default_BaseColor.uasset" 747
"../../../../NHS-Fireflies/Content/Assets/Materials/Walls/Wall_02_-_Default_Normal.uasset" 748
"../../../../NHS-Fireflies/Content/Assets/Materials/Walls/Wall_02_-_Default_OcclusionRoughnessMetallic.uasset" 749
"../../../../NHS-Fireflies/Content/Assets/Materials/Walls/WallMat.uasset" 750
"../../../Engine/Content/Functions/Engine_MaterialFunctions02/Utility/MakeFloat4.uasset" 751
"../../../../NHS-Fireflies/Content/Fireflies/Materials/M_OutlineMaster.uasset" 752
"../../../../NHS-Fireflies/Content/Grass/Stone_Ambient_Occlusion.uasset" 753
"../../../../NHS-Fireflies/Content/Grass/Stone_Base_Color.uasset" 754
"../../../../NHS-Fireflies/Content/Grass/Stone_Normal.uasset" 755
"../../../../NHS-Fireflies/Content/LandscapeMat.uasset" 756
"../../../Engine/Content/EngineMaterials/DefaultPhysicalMaterial.uasset" 757
"../../../../NHS-Fireflies/Content/AmplifyLUTPack/Base/ExposureM.uasset" 758
"../../../../NHS-Fireflies/Content/Assets/CurvedWall.uasset" 759
"../../../../NHS-Fireflies/Content/Assets/Grass1.uasset" 760
"../../../../NHS-Fireflies/Content/Assets/Materials/Fog/dd_PhysicsAsset.uasset" 761
"../../../../NHS-Fireflies/Content/Assets/Materials/Fog/dd.uasset" 762
"../../../../NHS-Fireflies/Content/Assets/Materials/Fog/cloud.uasset" 763
"../../../../NHS-Fireflies/Content/Assets/Materials/Fog/cloud2.uasset" 764
"../../../../NHS-Fireflies/Content/Assets/Materials/Fog/rainbow.uasset" 765
"../../../../NHS-Fireflies/Content/Assets/Materials/Fog/Fog.uasset" 766
"../../../../NHS-Fireflies/Content/Assets/Materials/Fog/Fog_Inst.uasset" 767
"../../../../NHS-Fireflies/Content/Assets/Materials/Fog/LevelFog.uasset" 768
"../../../../NHS-Fireflies/Content/Assets/Sounds/PM_Stone.uasset" 769
"../../../../NHS-Fireflies/Content/Assets/Path1.uasset" 770
"../../../../NHS-Fireflies/Content/Assets/Materials/Path/Path2/DefaultMaterial_Base_Color.uasset" 771
"../../../../NHS-Fireflies/Content/Assets/Materials/Path/Path2/DefaultMaterial_Height.uasset" 772
"../../../../NHS-Fireflies/Content/Assets/Materials/Path/Path2/DefaultMaterial_Metallic.uasset" 773
"../../../../NHS-Fireflies/Content/Assets/Materials/Path/Path2/DefaultMaterial_Normal_OpenGL.uasset" 774
"../../../../NHS-Fireflies/Content/Assets/Materials/Path/Path2/DefaultMaterial_Roughness.uasset" 775
"../../../../NHS-Fireflies/Content/Assets/Materials/Path/Path2/PathMaterial2.uasset" 776
"../../../../NHS-Fireflies/Content/Assets/Path2.uasset" 777
"../../../../NHS-Fireflies/Content/Assets/Materials/Path/Path3/DefaultMaterial_Base_Color.uasset" 778
"../../../../NHS-Fireflies/Content/Assets/Materials/Path/Path3/DefaultMaterial_Height.uasset" 779
"../../../../NHS-Fireflies/Content/Assets/Materials/Path/Path3/DefaultMaterial_Metallic.uasset" 780
"../../../../NHS-Fireflies/Content/Assets/Materials/Path/Path3/DefaultMaterial_Normal_OpenGL.uasset" 781
"../../../../NHS-Fireflies/Content/Assets/Materials/Path/Path3/DefaultMaterial_Roughness.uasset" 782
"../../../../NHS-Fireflies/Content/Assets/Materials/Path/Path3/PathMaterial3.uasset" 783
"../../../../NHS-Fireflies/Content/Assets/Path3.uasset" 784
"../../../../NHS-Fireflies/Content/Assets/Sounds/SoundtrackPianoLoop.uasset" 785
"../../../../NHS-Fireflies/Content/Assets/Sounds/SoundtrackPianoLoop_Cue.uasset" 786
"../../../../NHS-Fireflies/Content/Assets/Wall.uasset" 787
"../../../../NHS-Fireflies/Content/Level1DraftVersion2_2.umap" 788
"../../../../NHS-Fireflies/Content/Level1DraftVerson2_1.umap" 789
"../../../../NHS-Fireflies/Content/Level2DraftVersion1_BuiltData.uasset" 790
"../../../../NHS-Fireflies/Content/Level2DraftVersion1.umap" 791
"../../../Engine/Content/BasicShapes/Sphere.uasset" 792
"../../../../NHS-Fireflies/Content/SampleLevel/Blueprints/Skybox1.uasset" 793
"../../../Engine/Content/Functions/Engine_MaterialFunctions02/Utility/CustomReflectionVector.uasset" 794
"../../../../NHS-Fireflies/Content/SampleLevel/Textures/InfiltratorCubemap.uasset" 795
"../../../../NHS-Fireflies/Content/SampleLevel/Materials/Infiltrator.uasset" 796
"../../../../NHS-Fireflies/Content/AmplifyLUTPack/FilmColor/DustyOrange.uasset" 797
"../../../../NHS-Fireflies/Content/AmplifyLUTPack/FilmColor/RobotAction.uasset" 798
"../../../../NHS-Fireflies/Content/AmplifyLUTPack/PopularLooks/Blockbuster1.uasset" 799
"../../../../NHS-Fireflies/Content/AmplifyLUTPack/PopularLooks/Blockbuster11.uasset" 800
"../../../../NHS-Fireflies/Content/AmplifyLUTPack/PopularLooks/Blockbuster14.uasset" 801
"../../../../NHS-Fireflies/Content/AmplifyLUTPack/PopularLooks/Blockbuster4.uasset" 802
"../../../../NHS-Fireflies/Content/AmplifyLUTPack/PopularLooks/Blockbuster5.uasset" 803
"../../../../NHS-Fireflies/Content/AmplifyLUTPack/PopularLooks/Blockbuster9.uasset" 804
"../../../../NHS-Fireflies/Content/AmplifyLUTPack/PopularLooks/DodgeThis.uasset" 805
"../../../../NHS-Fireflies/Content/AmplifyLUTPack/PopularLooks/Furiosa.uasset" 806
"../../../../NHS-Fireflies/Content/AmplifyLUTPack/PopularLooks/Max2.uasset" 807
"../../../../NHS-Fireflies/Content/AmplifyLUTPack/StylizedMisc/90sActionNY.uasset" 808
"../../../../NHS-Fireflies/Content/AmplifyLUTPack/StylizedMisc/CyanHaze.uasset" 809
"../../../../NHS-Fireflies/Content/AmplifyLUTPack/StylizedMisc/Underwater.uasset" 810
"../../../../NHS-Fireflies/Content/AmplifyLUTPack/StylizedRetro/GamebobAC.uasset" 811
"../../../../NHS-Fireflies/Content/SampleLevel/Levels/Infiltrator.umap" 812
"../../../../NHS-Fireflies/Content/Assets/FrogAnimation/FrogAnimBP.uasset" 813
"../../../../NHS-Fireflies/Content/TopDownBP/Blueprints/TopDownGameMode.uasset" 814
"../../../../NHS-Fireflies/Content/TopDownBP/Maps/TopDownExampleMap_BuiltData.uasset" 815
"../../../Engine/Content/BasicShapes/BasicShapeMaterial.uasset" 816
"../../../../NHS-Fireflies/Content/Assets/Materials/Trees/Trunk1_Color_Tex.uasset" 817
"../../../../NHS-Fireflies/Content/Assets/Materials/Trees/Trunk1_Normal_Tex.uasset" 818
"../../../../NHS-Fireflies/Content/Assets/Materials/Trees/Trunk1_SS_Tex.uasset" 819
"../../../../NHS-Fireflies/Content/Assets/Materials/Trees/Trunk1_Branch_Mat.uasset" 820
"../../../../NHS-Fireflies/Content/Assets/Materials/White.uasset" 821
"../../../../NHS-Fireflies/Content/Assets/Bridge.uasset" 822
"../../../../NHS-Fireflies/Content/Assets/Materials/Fog/LocalFog.uasset" 823
"../../../../NHS-Fireflies/Content/Assets/Materials/Trees/Material_2_Color_Tex.uasset" 824
"../../../../NHS-Fireflies/Content/Assets/Materials/Trees/Material_2_Normal_Tex.uasset" 825
"../../../../NHS-Fireflies/Content/Assets/Materials/Trees/Material_2_SS_Tex.uasset" 826
"../../../../NHS-Fireflies/Content/Assets/Materials/Trees/Material_2_Branch_Mat.uasset" 827
"../../../../NHS-Fireflies/Content/Fireflies/Materials/Trees/M_Tree_01_Leaves.uasset" 828
"../../../../NHS-Fireflies/Content/Assets/Tree1.uasset" 829
"../../../../NHS-Fireflies/Content/Assets/Materials/Trees/Tree2_Branch_Mat.uasset" 830
"../../../../NHS-Fireflies/Content/Assets/Materials/Trees/Trunk_Color_Tex.uasset" 831
"../../../../NHS-Fireflies/Content/Assets/Materials/Trees/Trunk_Normal_Tex.uasset" 832
"../../../../NHS-Fireflies/Content/Assets/Materials/Trees/Trunk_SS_Tex.uasset" 833
"../../../../NHS-Fireflies/Content/Assets/Materials/Trees/Trunk_Branch_Mat.uasset" 834
"../../../../NHS-Fireflies/Content/Fireflies/Materials/Trees/M_Tree_02_Leaves.uasset" 835
"../../../../NHS-Fireflies/Content/Assets/Tree2.uasset" 836
"../../../../NHS-Fireflies/Content/Assets/Materials/Trees/Tree3_Branch_Mat.uasset" 837
"../../../../NHS-Fireflies/Content/Fireflies/Materials/Trees/M_Tree_03_Leaves.uasset" 838
"../../../../NHS-Fireflies/Content/Assets/Tree3.uasset" 839
"../../../../NHS-Fireflies/Content/Assets/Materials/Trees/Tree5_Branch_Mat.uasset" 840
"../../../../NHS-Fireflies/Content/Fireflies/Materials/Trees/M_Tree_05_Leaves.uasset" 841
"../../../../NHS-Fireflies/Content/Assets/Tree5.uasset" 842
"../../../../NHS-Fireflies/Content/Geometry/Meshes/1M_Cube.uasset" 843
"../../../../NHS-Fireflies/Content/TopDownBP/Maps/TopDownExampleMap.umap" 844
"../../../Engine/Content/Maps/Entry_BuiltData.uasset" 845
"../../../Engine/Content/Maps/Entry.umap" 846
